<?xml version="1.0" encoding="UTF-8"?>
<testsuite xmlns:xsi="http://www.w3.org/2001/XMLSchema-instance" xsi:noNamespaceSchemaLocation="https://maven.apache.org/surefire/maven-surefire-plugin/xsd/surefire-test-report.xsd" name="models.CuentaTest" time="4.134" tests="3" errors="0" skipped="0" failures="0">
  <properties>
[...]
</properties>
  <testcase name="testTimeout1" classname="models.CuentaTest$TimeoutTest" time="2.062"/>
  <testcase name="testTimeout2" classname="models.CuentaTest$TimeoutTest" time="1.515"/>
  <testcase name="testTimeoutAssertions" classname="models.CuentaTest$TimeoutTest" time="0.518"/>
</testsuite>